#
# A fatal error has been detected by the Java Runtime Environment:
#
#  SIGBUS (0x7) at pc=0x00007ff6b9511fcd, pid=27432, tid=140697703126784
#
# JRE version: OpenJDK Runtime Environment (7.0_91-b02) (build 1.7.0_91-b02)
# Java VM: OpenJDK 64-Bit Server VM (24.91-b01 mixed mode linux-amd64 compressed oops)
# Derivative: IcedTea 2.6.3
# Distribution: Ubuntu 14.04 LTS, package 7u91-2.6.3-0ubuntu0.14.04.1
# Problematic frame:
# C  [libzip.so+0x4fcd]
#
# Failed to write core dump. Core dumps have been disabled. To enable core dumping, try "ulimit -c unlimited" before starting Java again
#
# If you would like to submit a bug report, please include
# instructions on how to reproduce the bug and visit:
#   http://icedtea.classpath.org/bugzilla
# The crash happened outside the Java Virtual Machine in native code.
# See problematic frame for where to report the bug.
#

---------------  T H R E A D  ---------------

Current thread (0x00007ff6b400a800):  JavaThread "main" [_thread_in_native, id=27435, stack(0x00007ff6bc8d9000,0x00007ff6bc9da000)]

siginfo:si_signo=SIGBUS: si_errno=0, si_code=2 (BUS_ADRERR), si_addr=0x00007ff6bc7ff5dc

Registers:
RAX=0x00007ff6b4162a60, RBX=0x00007ff6b410fef0, RCX=0x00007ff6b4000020, RDX=0x00007ff6b4162a60
RSP=0x00007ff6bc9d8580, RBP=0x00007ff6bc9d85e0, RSI=0x00007ff6b4000038, RDI=0x00007ff6b41626b0
R8 =0x0000000000000003, R9 =0x000000077a4caec8, R10=0x00007ff6b1012d6c, R11=0x00007ff6bb61feb0
R12=0x00007ff6b4110d48, R13=0x00007ff6bc7ff5bf, R14=0x00007ff6b4162a60, R15=0x00007ff6b400a800
RIP=0x00007ff6b9511fcd, EFLAGS=0x0000000000010202, CSGSFS=0x0000000000000033, ERR=0x0000000000000004
  TRAPNO=0x000000000000000e

Top of Stack: (sp=0x00007ff6bc9d8580)
0x00007ff6bc9d8580:   00007ff6b1005310 0000000000000000
0x00007ff6bc9d8590:   00007ff6bc9d86a8 00000001bc9d8668
0x00007ff6bc9d85a0:   00007ff6b400b188 00007ff6bb5507dc
0x00007ff6bc9d85b0:   00007ff6b410fef0 00007ff6b410fef0
0x00007ff6bc9d85c0:   0000000000000028 000000077a44bec0
0x00007ff6bc9d85d0:   00007ff6bc9d86a0 00007ff6b400a800
0x00007ff6bc9d85e0:   00007ff6bc9d8600 00007ff6b9512e99
0x00007ff6bc9d85f0:   000000077a44bec0 0000000000000000
0x00007ff6bc9d8600:   00007ff6bc9d8670 00007ff6b1012d98
0x00007ff6bc9d8610:   00007ff6bc9d86a8 00007ff6bc9d8668
0x00007ff6bc9d8620:   0000000000000000 00007ff6b100f3c0
0x00007ff6bc9d8630:   00007ff6bc9d8630 0000000000000000
0x00007ff6bc9d8640:   00007ff6bc9d86a0 000000077a44e410
0x00007ff6bc9d8650:   0000000000000000 000000077a44bec0
0x00007ff6bc9d8660:   0000000000000000 00007ff6bc9d8690
0x00007ff6bc9d8670:   00007ff6bc9d86e8 00007ff6b1006175
0x00007ff6bc9d8680:   00000007d6d3db88 00007ff6b100ecd7
0x00007ff6bc9d8690:   0000000000000028 00007ff6b410fef0
0x00007ff6bc9d86a0:   00007ff6bc9d86f8 00007ff6bc9d86a8
0x00007ff6bc9d86b0:   000000077a44d622 00007ff6bc9d8708
0x00007ff6bc9d86c0:   000000077a44e410 0000000000000000
0x00007ff6bc9d86d0:   000000077a44d648 00007ff6bc9d8690
0x00007ff6bc9d86e0:   00007ff6bc9d86f8 00007ff6bc9d8760
0x00007ff6bc9d86f0:   00007ff6b1006175 0000000000000028
0x00007ff6bc9d8700:   00007ff6b410fef0 00000007d6d63210
0x00007ff6bc9d8710:   0000000000000001 00000007d6d63210
0x00007ff6bc9d8720:   00007ff6bc9d8710 000000077a4f3c4e
0x00007ff6bc9d8730:   00007ff6bc9d8798 000000077a4f4138
0x00007ff6bc9d8740:   0000000000000000 000000077a4f3d58
0x00007ff6bc9d8750:   00007ff6bc9d86f8 00007ff6bc9d8798
0x00007ff6bc9d8760:   00007ff6bc9d87e0 00007ff6b1006233
0x00007ff6bc9d8770:   0000000000000000 0000000000000000 

Instructions: (pc=0x00007ff6b9511fcd)
0x00007ff6b9511fad:   73 48 48 8b 7b 10 b9 a0 00 00 00 49 8b 14 24 e8
0x00007ff6b9511fbd:   8f fe ff ff 49 89 c5 4d 85 ed 0f 84 d3 04 00 00
0x00007ff6b9511fcd:   41 0f b6 55 1d 41 0f b6 45 1c 45 31 e4 41 0f b6
0x00007ff6b9511fdd:   75 0d 41 0f b6 7d 0e 45 0f b6 7d 1f c1 e2 08 09 

Register to memory mapping:

RAX=0x00007ff6b4162a60 is an unknown value
RBX=0x00007ff6b410fef0 is an unknown value
RCX=0x00007ff6b4000020 is an unknown value
RDX=0x00007ff6b4162a60 is an unknown value
RSP=0x00007ff6bc9d8580 is pointing into the stack for thread: 0x00007ff6b400a800
RBP=0x00007ff6bc9d85e0 is pointing into the stack for thread: 0x00007ff6b400a800
RSI=0x00007ff6b4000038 is an unknown value
RDI=0x00007ff6b41626b0 is an unknown value
R8 =0x0000000000000003 is an unknown value
R9 =0x000000077a4caec8 is an oop
{instance class} 
 - klass: {other class}
R10=0x00007ff6b1012d6c is at code_begin+620 in an Interpreter codelet
method entry point (kind = native)  [0x00007ff6b1012b00, 0x00007ff6b1013360]  2144 bytes
R11=0x00007ff6bb61feb0: <offset 0x865eb0> in /usr/lib/jvm/java-7-openjdk-amd64/jre/lib/amd64/server/libjvm.so at 0x00007ff6badba000
R12=0x00007ff6b4110d48 is an unknown value
R13=0x00007ff6bc7ff5bf is an unknown value
R14=0x00007ff6b4162a60 is an unknown value
R15=0x00007ff6b400a800 is a thread


Stack: [0x00007ff6bc8d9000,0x00007ff6bc9da000],  sp=0x00007ff6bc9d8580,  free space=1021k
Native frames: (J=compiled Java code, j=interpreted, Vv=VM code, C=native code)
C  [libzip.so+0x4fcd]
C  [libzip.so+0x5e99]  ZIP_GetNextEntry+0x39
j  java.util.zip.ZipFile.getNextEntry(JI)J+0
j  java.util.zip.ZipFile.access$500(JI)J+2
j  java.util.zip.ZipFile$1.nextElement()Ljava/util/zip/ZipEntry;+54
j  java.util.zip.ZipFile$1.nextElement()Ljava/lang/Object;+1
j  com.android.multidex.ClassReferenceListBuilder.addRoots(Ljava/util/zip/ZipFile;)V+85
j  com.android.multidex.MainDexListBuilder.<init>(ZLjava/lang/String;Ljava/lang/String;)V+108
j  com.android.multidex.MainDexListBuilder.main([Ljava/lang/String;)V+96
j  com.android.multidex.ClassReferenceListBuilder.main([Ljava/lang/String;)V+1
v  ~StubRoutines::call_stub
V  [libjvm.so+0x5edc89]  JavaCalls::call_helper(JavaValue*, methodHandle*, JavaCallArguments*, Thread*)+0x339
V  [libjvm.so+0x5ed728]  JavaCalls::call(JavaValue*, methodHandle, JavaCallArguments*, Thread*)+0x28
V  [libjvm.so+0x5fd04b]  jni_invoke_static(JNIEnv_*, JavaValue*, _jobject*, JNICallType, _jmethodID*, JNI_ArgumentPusher*, Thread*) [clone .isra.123] [clone .constprop.154]+0x28b
V  [libjvm.so+0x60e0e8]  jni_CallStaticVoidMethod+0x118
C  [libjli.so+0x31f9]

Java frames: (J=compiled Java code, j=interpreted, Vv=VM code)
j  java.util.zip.ZipFile.getNextEntry(JI)J+0
j  java.util.zip.ZipFile.access$500(JI)J+2
j  java.util.zip.ZipFile$1.nextElement()Ljava/util/zip/ZipEntry;+54
j  java.util.zip.ZipFile$1.nextElement()Ljava/lang/Object;+1
j  com.android.multidex.ClassReferenceListBuilder.addRoots(Ljava/util/zip/ZipFile;)V+85
j  com.android.multidex.MainDexListBuilder.<init>(ZLjava/lang/String;Ljava/lang/String;)V+108
j  com.android.multidex.MainDexListBuilder.main([Ljava/lang/String;)V+96
j  com.android.multidex.ClassReferenceListBuilder.main([Ljava/lang/String;)V+1
v  ~StubRoutines::call_stub

---------------  P R O C E S S  ---------------

Java Threads: ( => current thread )
  0x00007ff6b40b0800 JavaThread "Service Thread" daemon [_thread_blocked, id=27447, stack(0x00007ff69f116000,0x00007ff69f217000)]
  0x00007ff6b40ae000 JavaThread "C2 CompilerThread1" daemon [_thread_blocked, id=27446, stack(0x00007ff69f217000,0x00007ff69f318000)]
  0x00007ff6b40ab000 JavaThread "C2 CompilerThread0" daemon [_thread_blocked, id=27445, stack(0x00007ff69f318000,0x00007ff69f419000)]
  0x00007ff6b40a9000 JavaThread "Signal Dispatcher" daemon [_thread_blocked, id=27444, stack(0x00007ff69f419000,0x00007ff69f51a000)]
  0x00007ff6b407c800 JavaThread "Finalizer" daemon [_thread_blocked, id=27443, stack(0x00007ff69fbfc000,0x00007ff69fcfd000)]
  0x00007ff6b407a000 JavaThread "Reference Handler" daemon [_thread_blocked, id=27442, stack(0x00007ff69fcfd000,0x00007ff69fdfe000)]
=>0x00007ff6b400a800 JavaThread "main" [_thread_in_native, id=27435, stack(0x00007ff6bc8d9000,0x00007ff6bc9da000)]

Other Threads:
  0x00007ff6b4076000 VMThread [stack: 0x00007ff69fdfe000,0x00007ff69feff000] [id=27441]
  0x00007ff6b40bb000 WatcherThread [stack: 0x00007ff69f015000,0x00007ff69f116000] [id=27448]

VM state:not at safepoint (normal execution)

VM Mutex/Monitor currently owned by a thread: None

Heap
 PSYoungGen      total 37376K, used 2580K [0x00000007d6d00000, 0x00000007d9680000, 0x0000000800000000)
  eden space 32256K, 8% used [0x00000007d6d00000,0x00000007d6f853e8,0x00000007d8c80000)
  from space 5120K, 0% used [0x00000007d9180000,0x00000007d9180000,0x00000007d9680000)
  to   space 5120K, 0% used [0x00000007d8c80000,0x00000007d8c80000,0x00000007d9180000)
 ParOldGen       total 83968K, used 0K [0x0000000784800000, 0x0000000789a00000, 0x00000007d6d00000)
  object space 83968K, 0% used [0x0000000784800000,0x0000000784800000,0x0000000789a00000)
 PSPermGen       total 21504K, used 3429K [0x000000077a200000, 0x000000077b700000, 0x0000000784800000)
  object space 21504K, 15% used [0x000000077a200000,0x000000077a559700,0x000000077b700000)

Card table byte_map: [0x00007ff6b90dd000,0x00007ff6b950d000] byte_map_base: 0x00007ff6b550c000

Polling page: 0x00007ff6bc9f6000

Code Cache  [0x00007ff6b1000000, 0x00007ff6b1270000, 0x00007ff6b4000000)
 total_blobs=199 nmethods=11 adapters=142 free_code_cache=48752Kb largest_free_block=49900608

Compilation events (10 events):
Event: 0.286 Thread 0x00007ff6b40ab000    7             com.android.dx.util.ByteArray::getUnsignedByte0 (16 bytes)
Event: 0.287 Thread 0x00007ff6b40ab000 nmethod 7 0x00007ff6b1061590 code [0x00007ff6b10616e0, 0x00007ff6b1061778]
Event: 0.290 Thread 0x00007ff6b40ab000    8             com.android.dx.util.ByteArray::checkOffsets (66 bytes)
Event: 0.291 Thread 0x00007ff6b40ab000 nmethod 8 0x00007ff6b10612d0 code [0x00007ff6b1061420, 0x00007ff6b10614d8]
Event: 0.295 Thread 0x00007ff6b40ab000    9             com.android.dx.util.ByteArray::getUnsignedByte (14 bytes)
Event: 0.296 Thread 0x00007ff6b40ab000 nmethod 9 0x00007ff6b1065a90 code [0x00007ff6b1065be0, 0x00007ff6b1065cf8]
Event: 0.298 Thread 0x00007ff6b40ab000   10             java.lang.Object::<init> (1 bytes)
Event: 0.298 Thread 0x00007ff6b40ab000 nmethod 10 0x00007ff6b1061050 code [0x00007ff6b1061180, 0x00007ff6b1061218]
Event: 0.299 Thread 0x00007ff6b40ab000   11             com.android.dx.rop.cst.CstString::utf8BytesToString (391 bytes)
Event: 0.317 Thread 0x00007ff6b40ab000 nmethod 11 0x00007ff6b1066710 code [0x00007ff6b1066900, 0x00007ff6b1066f40]

GC Heap History (0 events):
No events

Deoptimization events (0 events):
No events

Internal exceptions (10 events):
Event: 0.247 Thread 0x00007ff6b400a800 Threw 0x00000007d6eb2278 at /build/openjdk-7-zaTxYK/openjdk-7-7u91-2.6.3/build/openjdk/hotspot/src/share/vm/prims/jvm.cpp:1322
Event: 0.248 Thread 0x00007ff6b400a800 Threw 0x00000007d6eb5f78 at /build/openjdk-7-zaTxYK/openjdk-7-7u91-2.6.3/build/openjdk/hotspot/src/share/vm/prims/jvm.cpp:1322
Event: 0.250 Thread 0x00007ff6b400a800 Threw 0x00000007d6ebbc18 at /build/openjdk-7-zaTxYK/openjdk-7-7u91-2.6.3/build/openjdk/hotspot/src/share/vm/prims/jvm.cpp:1322
Event: 0.251 Thread 0x00007ff6b400a800 Threw 0x00000007d6ec1a90 at /build/openjdk-7-zaTxYK/openjdk-7-7u91-2.6.3/build/openjdk/hotspot/src/share/vm/prims/jvm.cpp:1322
Event: 0.252 Thread 0x00007ff6b400a800 Threw 0x00000007d6ec5620 at /build/openjdk-7-zaTxYK/openjdk-7-7u91-2.6.3/build/openjdk/hotspot/src/share/vm/prims/jvm.cpp:1322
Event: 0.253 Thread 0x00007ff6b400a800 Threw 0x00000007d6ec90a0 at /build/openjdk-7-zaTxYK/openjdk-7-7u91-2.6.3/build/openjdk/hotspot/src/share/vm/prims/jvm.cpp:1322
Event: 0.253 Thread 0x00007ff6b400a800 Threw 0x00000007d6ecbd10 at /build/openjdk-7-zaTxYK/openjdk-7-7u91-2.6.3/build/openjdk/hotspot/src/share/vm/prims/jvm.cpp:1322
Event: 0.259 Thread 0x00007ff6b400a800 Threw 0x00000007d6ee40d8 at /build/openjdk-7-zaTxYK/openjdk-7-7u91-2.6.3/build/openjdk/hotspot/src/share/vm/prims/jvm.cpp:1322
Event: 0.260 Thread 0x00007ff6b400a800 Threw 0x00000007d6ee7470 at /build/openjdk-7-zaTxYK/openjdk-7-7u91-2.6.3/build/openjdk/hotspot/src/share/vm/prims/jvm.cpp:1322
Event: 0.274 Thread 0x00007ff6b400a800 Threw 0x00000007d6eea990 at /build/openjdk-7-zaTxYK/openjdk-7-7u91-2.6.3/build/openjdk/hotspot/src/share/vm/prims/jvm.cpp:1322

Events (10 events):
Event: 0.253 loading class 0x00007ff6b410efa0
Event: 0.253 loading class 0x00007ff6b410efa0 done
Event: 0.253 loading class 0x00007ff6b4162ba0
Event: 0.253 loading class 0x00007ff6b4162ba0 done
Event: 0.259 loading class 0x00007ff6b411d590
Event: 0.259 loading class 0x00007ff6b411d590 done
Event: 0.260 loading class 0x00007ff6b4162770
Event: 0.260 loading class 0x00007ff6b4162770 done
Event: 0.260 loading class 0x00007ff6b411d670
Event: 0.260 loading class 0x00007ff6b411d670 done


Dynamic libraries:
00400000-00401000 r-xp 00000000 08:02 12845254                           /usr/lib/jvm/java-7-openjdk-amd64/jre/bin/java
00600000-00601000 r--p 00000000 08:02 12845254                           /usr/lib/jvm/java-7-openjdk-amd64/jre/bin/java
00601000-00602000 rw-p 00001000 08:02 12845254                           /usr/lib/jvm/java-7-openjdk-amd64/jre/bin/java
01da3000-01dc4000 rw-p 00000000 00:00 0                                  [heap]
77a200000-77b700000 rw-p 00000000 00:00 0 
77b700000-784800000 rw-p 00000000 00:00 0 
784800000-789a00000 rw-p 00000000 00:00 0 
789a00000-7d6d00000 rw-p 00000000 00:00 0 
7d6d00000-7d9680000 rw-p 00000000 00:00 0 
7d9680000-800000000 rw-p 00000000 00:00 0 
7ff674000000-7ff674021000 rw-p 00000000 00:00 0 
7ff674021000-7ff678000000 ---p 00000000 00:00 0 
7ff67c000000-7ff67c089000 rw-p 00000000 00:00 0 
7ff67c089000-7ff680000000 ---p 00000000 00:00 0 
7ff680000000-7ff680021000 rw-p 00000000 00:00 0 
7ff680021000-7ff684000000 ---p 00000000 00:00 0 
7ff684000000-7ff684021000 rw-p 00000000 00:00 0 
7ff684021000-7ff688000000 ---p 00000000 00:00 0 
7ff688000000-7ff6880b6000 rw-p 00000000 00:00 0 
7ff6880b6000-7ff68c000000 ---p 00000000 00:00 0 
7ff68c000000-7ff68c021000 rw-p 00000000 00:00 0 
7ff68c021000-7ff690000000 ---p 00000000 00:00 0 
7ff690000000-7ff690021000 rw-p 00000000 00:00 0 
7ff690021000-7ff694000000 ---p 00000000 00:00 0 
7ff694000000-7ff694021000 rw-p 00000000 00:00 0 
7ff694021000-7ff698000000 ---p 00000000 00:00 0 
7ff698000000-7ff698021000 rw-p 00000000 00:00 0 
7ff698021000-7ff69c000000 ---p 00000000 00:00 0 
7ff69edda000-7ff69f015000 rw-p 00000000 00:00 0 
7ff69f015000-7ff69f016000 ---p 00000000 00:00 0 
7ff69f016000-7ff69f116000 rw-p 00000000 00:00 0                          [stack:27448]
7ff69f116000-7ff69f119000 ---p 00000000 00:00 0 
7ff69f119000-7ff69f217000 rw-p 00000000 00:00 0                          [stack:27447]
7ff69f217000-7ff69f21a000 ---p 00000000 00:00 0 
7ff69f21a000-7ff69f318000 rw-p 00000000 00:00 0                          [stack:27446]
7ff69f318000-7ff69f31b000 ---p 00000000 00:00 0 
7ff69f31b000-7ff69f419000 rw-p 00000000 00:00 0                          [stack:27445]
7ff69f419000-7ff69f41c000 ---p 00000000 00:00 0 
7ff69f41c000-7ff69f51a000 rw-p 00000000 00:00 0                          [stack:27444]
7ff69f51a000-7ff69fbfc000 r--p 00000000 08:02 12458580                   /usr/lib/locale/locale-archive
7ff69fbfc000-7ff69fbff000 ---p 00000000 00:00 0 
7ff69fbff000-7ff69fcfd000 rw-p 00000000 00:00 0                          [stack:27443]
7ff69fcfd000-7ff69fd00000 ---p 00000000 00:00 0 
7ff69fd00000-7ff69fdfe000 rw-p 00000000 00:00 0                          [stack:27442]
7ff69fdfe000-7ff69fdff000 ---p 00000000 00:00 0 
7ff69fdff000-7ff6a0000000 rw-p 00000000 00:00 0                          [stack:27441]
7ff6a0000000-7ff6a0021000 rw-p 00000000 00:00 0 
7ff6a0021000-7ff6a4000000 ---p 00000000 00:00 0 
7ff6a4000000-7ff6a4021000 rw-p 00000000 00:00 0 
7ff6a4021000-7ff6a8000000 ---p 00000000 00:00 0 
7ff6a8000000-7ff6a8021000 rw-p 00000000 00:00 0 
7ff6a8021000-7ff6ac000000 ---p 00000000 00:00 0 
7ff6ac01a000-7ff6ac0e3000 r--s 0082a000 08:02 8128299                    /home/akshayagupta/udacity/Build  Bigger/FinalProject/app/build/intermediates/transforms/jarMerging/release/jars/1/1f/combined.jar
7ff6ac0e3000-7ff6b1000000 rw-p 00000000 00:00 0 
7ff6b1000000-7ff6b1270000 rwxp 00000000 00:00 0 
7ff6b1270000-7ff6b416f000 rw-p 00000000 00:00 0 
7ff6b416f000-7ff6b8000000 ---p 00000000 00:00 0 
7ff6b8020000-7ff6b82ef000 rw-p 00000000 00:00 0 
7ff6b82ef000-7ff6b84a1000 r--s 01d2e000 08:02 12847891                   /usr/lib/jvm/java-7-openjdk-amd64/jre/lib/rt.jar
7ff6b84a1000-7ff6b89f3000 rw-p 00000000 00:00 0 
7ff6b89f3000-7ff6b89f4000 ---p 00000000 00:00 0 
7ff6b89f4000-7ff6b8af4000 rw-p 00000000 00:00 0                          [stack:27440]
7ff6b8af4000-7ff6b8af5000 ---p 00000000 00:00 0 
7ff6b8af5000-7ff6b8bf5000 rw-p 00000000 00:00 0                          [stack:27439]
7ff6b8bf5000-7ff6b8bf6000 ---p 00000000 00:00 0 
7ff6b8bf6000-7ff6b8cf6000 rw-p 00000000 00:00 0                          [stack:27438]
7ff6b8cf6000-7ff6b8cf7000 ---p 00000000 00:00 0 
7ff6b8cf7000-7ff6b8e02000 rw-p 00000000 00:00 0                          [stack:27437]
7ff6b8e02000-7ff6b8e4a000 rw-p 00000000 00:00 0 
7ff6b8e4a000-7ff6b8e73000 rw-p 00000000 00:00 0 
7ff6b8e73000-7ff6b90dd000 rw-p 00000000 00:00 0 
7ff6b90dd000-7ff6b90e8000 rw-p 00000000 00:00 0 
7ff6b90e8000-7ff6b9130000 rw-p 00000000 00:00 0 
7ff6b9130000-7ff6b9159000 rw-p 00000000 00:00 0 
7ff6b9159000-7ff6b93c2000 rw-p 00000000 00:00 0 
7ff6b93c2000-7ff6b93d8000 rw-p 00000000 00:00 0 
7ff6b93d8000-7ff6b950c000 rw-p 00000000 00:00 0 
7ff6b950c000-7ff6b950d000 rw-p 00000000 00:00 0 
7ff6b950d000-7ff6b9515000 r-xp 00000000 08:02 12849006                   /usr/lib/jvm/java-7-openjdk-amd64/jre/lib/amd64/libzip.so
7ff6b9515000-7ff6b9714000 ---p 00008000 08:02 12849006                   /usr/lib/jvm/java-7-openjdk-amd64/jre/lib/amd64/libzip.so
7ff6b9714000-7ff6b9715000 r--p 00007000 08:02 12849006                   /usr/lib/jvm/java-7-openjdk-amd64/jre/lib/amd64/libzip.so
7ff6b9715000-7ff6b9716000 rw-p 00008000 08:02 12849006                   /usr/lib/jvm/java-7-openjdk-amd64/jre/lib/amd64/libzip.so
7ff6b9716000-7ff6b9721000 r-xp 00000000 08:02 12058650                   /lib/x86_64-linux-gnu/libnss_files-2.19.so
7ff6b9721000-7ff6b9920000 ---p 0000b000 08:02 12058650                   /lib/x86_64-linux-gnu/libnss_files-2.19.so
7ff6b9920000-7ff6b9921000 r--p 0000a000 08:02 12058650                   /lib/x86_64-linux-gnu/libnss_files-2.19.so
7ff6b9921000-7ff6b9922000 rw-p 0000b000 08:02 12058650                   /lib/x86_64-linux-gnu/libnss_files-2.19.so
7ff6b9922000-7ff6b992d000 r-xp 00000000 08:02 12062565                   /lib/x86_64-linux-gnu/libnss_nis-2.19.so
7ff6b992d000-7ff6b9b2c000 ---p 0000b000 08:02 12062565                   /lib/x86_64-linux-gnu/libnss_nis-2.19.so
7ff6b9b2c000-7ff6b9b2d000 r--p 0000a000 08:02 12062565                   /lib/x86_64-linux-gnu/libnss_nis-2.19.so
7ff6b9b2d000-7ff6b9b2e000 rw-p 0000b000 08:02 12062565                   /lib/x86_64-linux-gnu/libnss_nis-2.19.so
7ff6b9b2e000-7ff6b9b45000 r-xp 00000000 08:02 12058719                   /lib/x86_64-linux-gnu/libnsl-2.19.so
7ff6b9b45000-7ff6b9d44000 ---p 00017000 08:02 12058719                   /lib/x86_64-linux-gnu/libnsl-2.19.so
7ff6b9d44000-7ff6b9d45000 r--p 00016000 08:02 12058719                   /lib/x86_64-linux-gnu/libnsl-2.19.so
7ff6b9d45000-7ff6b9d46000 rw-p 00017000 08:02 12058719                   /lib/x86_64-linux-gnu/libnsl-2.19.so
7ff6b9d46000-7ff6b9d48000 rw-p 00000000 00:00 0 
7ff6b9d48000-7ff6b9d51000 r-xp 00000000 08:02 12058718                   /lib/x86_64-linux-gnu/libnss_compat-2.19.so
7ff6b9d51000-7ff6b9f50000 ---p 00009000 08:02 12058718                   /lib/x86_64-linux-gnu/libnss_compat-2.19.so
7ff6b9f50000-7ff6b9f51000 r--p 00008000 08:02 12058718                   /lib/x86_64-linux-gnu/libnss_compat-2.19.so
7ff6b9f51000-7ff6b9f52000 rw-p 00009000 08:02 12058718                   /lib/x86_64-linux-gnu/libnss_compat-2.19.so
7ff6b9f52000-7ff6b9f7d000 r-xp 00000000 08:02 12849959                   /usr/lib/jvm/java-7-openjdk-amd64/jre/lib/amd64/libjava.so
7ff6b9f7d000-7ff6ba17d000 ---p 0002b000 08:02 12849959                   /usr/lib/jvm/java-7-openjdk-amd64/jre/lib/amd64/libjava.so
7ff6ba17d000-7ff6ba17e000 r--p 0002b000 08:02 12849959                   /usr/lib/jvm/java-7-openjdk-amd64/jre/lib/amd64/libjava.so
7ff6ba17e000-7ff6ba180000 rw-p 0002c000 08:02 12849959                   /usr/lib/jvm/java-7-openjdk-amd64/jre/lib/amd64/libjava.so
7ff6ba180000-7ff6ba190000 r-xp 00000000 08:02 12850120                   /usr/lib/jvm/java-7-openjdk-amd64/jre/lib/amd64/libverify.so
7ff6ba190000-7ff6ba38f000 ---p 00010000 08:02 12850120                   /usr/lib/jvm/java-7-openjdk-amd64/jre/lib/amd64/libverify.so
7ff6ba38f000-7ff6ba391000 r--p 0000f000 08:02 12850120                   /usr/lib/jvm/java-7-openjdk-amd64/jre/lib/amd64/libverify.so
7ff6ba391000-7ff6ba392000 rw-p 00011000 08:02 12850120                   /usr/lib/jvm/java-7-openjdk-amd64/jre/lib/amd64/libverify.so
7ff6ba392000-7ff6ba399000 r-xp 00000000 08:02 12058727                   /lib/x86_64-linux-gnu/librt-2.19.so
7ff6ba399000-7ff6ba598000 ---p 00007000 08:02 12058727                   /lib/x86_64-linux-gnu/librt-2.19.so
7ff6ba598000-7ff6ba599000 r--p 00006000 08:02 12058727                   /lib/x86_64-linux-gnu/librt-2.19.so
7ff6ba599000-7ff6ba59a000 rw-p 00007000 08:02 12058727                   /lib/x86_64-linux-gnu/librt-2.19.so
7ff6ba59a000-7ff6ba5b0000 r-xp 00000000 08:02 12059496                   /lib/x86_64-linux-gnu/libgcc_s.so.1
7ff6ba5b0000-7ff6ba7af000 ---p 00016000 08:02 12059496                   /lib/x86_64-linux-gnu/libgcc_s.so.1
7ff6ba7af000-7ff6ba7b0000 rw-p 00015000 08:02 12059496                   /lib/x86_64-linux-gnu/libgcc_s.so.1
7ff6ba7b0000-7ff6ba8b5000 r-xp 00000000 08:02 12058643                   /lib/x86_64-linux-gnu/libm-2.19.so
7ff6ba8b5000-7ff6baab4000 ---p 00105000 08:02 12058643                   /lib/x86_64-linux-gnu/libm-2.19.so
7ff6baab4000-7ff6baab5000 r--p 00104000 08:02 12058643                   /lib/x86_64-linux-gnu/libm-2.19.so
7ff6baab5000-7ff6baab6000 rw-p 00105000 08:02 12058643                   /lib/x86_64-linux-gnu/libm-2.19.so
7ff6baab6000-7ff6bab9c000 r-xp 00000000 08:02 12452188                   /usr/lib/x86_64-linux-gnu/libstdc++.so.6.0.19
7ff6bab9c000-7ff6bad9b000 ---p 000e6000 08:02 12452188                   /usr/lib/x86_64-linux-gnu/libstdc++.so.6.0.19
7ff6bad9b000-7ff6bada3000 r--p 000e5000 08:02 12452188                   /usr/lib/x86_64-linux-gnu/libstdc++.so.6.0.19
7ff6bada3000-7ff6bada5000 rw-p 000ed000 08:02 12452188                   /usr/lib/x86_64-linux-gnu/libstdc++.so.6.0.19
7ff6bada5000-7ff6badba000 rw-p 00000000 00:00 0 
7ff6badba000-7ff6bb8de000 r-xp 00000000 08:02 12850111                   /usr/lib/jvm/java-7-openjdk-amd64/jre/lib/amd64/server/libjvm.so
7ff6bb8de000-7ff6bbade000 ---p 00b24000 08:02 12850111                   /usr/lib/jvm/java-7-openjdk-amd64/jre/lib/amd64/server/libjvm.so
7ff6bbade000-7ff6bbb78000 r--p 00b24000 08:02 12850111                   /usr/lib/jvm/java-7-openjdk-amd64/jre/lib/amd64/server/libjvm.so
7ff6bbb78000-7ff6bbb9b000 rw-p 00bbe000 08:02 12850111                   /usr/lib/jvm/java-7-openjdk-amd64/jre/lib/amd64/server/libjvm.so
7ff6bbb9b000-7ff6bbbc9000 rw-p 00000000 00:00 0 
7ff6bbbc9000-7ff6bbbe1000 r-xp 00000000 08:02 12062758                   /lib/x86_64-linux-gnu/libz.so.1.2.8
7ff6bbbe1000-7ff6bbde0000 ---p 00018000 08:02 12062758                   /lib/x86_64-linux-gnu/libz.so.1.2.8
7ff6bbde0000-7ff6bbde1000 r--p 00017000 08:02 12062758                   /lib/x86_64-linux-gnu/libz.so.1.2.8
7ff6bbde1000-7ff6bbde2000 rw-p 00018000 08:02 12062758                   /lib/x86_64-linux-gnu/libz.so.1.2.8
7ff6bbde2000-7ff6bbdfb000 r-xp 00000000 08:02 12058725                   /lib/x86_64-linux-gnu/libpthread-2.19.so
7ff6bbdfb000-7ff6bbffa000 ---p 00019000 08:02 12058725                   /lib/x86_64-linux-gnu/libpthread-2.19.so
7ff6bbffa000-7ff6bbffb000 r--p 00018000 08:02 12058725                   /lib/x86_64-linux-gnu/libpthread-2.19.so
7ff6bbffb000-7ff6bbffc000 rw-p 00019000 08:02 12058725                   /lib/x86_64-linux-gnu/libpthread-2.19.so
7ff6bbffc000-7ff6bc000000 rw-p 00000000 00:00 0 
7ff6bc000000-7ff6bc003000 r-xp 00000000 08:02 12058713                   /lib/x86_64-linux-gnu/libdl-2.19.so
7ff6bc003000-7ff6bc202000 ---p 00003000 08:02 12058713                   /lib/x86_64-linux-gnu/libdl-2.19.so
7ff6bc202000-7ff6bc203000 r--p 00002000 08:02 12058713                   /lib/x86_64-linux-gnu/libdl-2.19.so
7ff6bc203000-7ff6bc204000 rw-p 00003000 08:02 12058713                   /lib/x86_64-linux-gnu/libdl-2.19.so
7ff6bc204000-7ff6bc3bf000 r-xp 00000000 08:02 12058724                   /lib/x86_64-linux-gnu/libc-2.19.so
7ff6bc3bf000-7ff6bc5be000 ---p 001bb000 08:02 12058724                   /lib/x86_64-linux-gnu/libc-2.19.so
7ff6bc5be000-7ff6bc5c2000 r--p 001ba000 08:02 12058724                   /lib/x86_64-linux-gnu/libc-2.19.so
7ff6bc5c2000-7ff6bc5c4000 rw-p 001be000 08:02 12058724                   /lib/x86_64-linux-gnu/libc-2.19.so
7ff6bc5c4000-7ff6bc5c9000 rw-p 00000000 00:00 0 
7ff6bc5c9000-7ff6bc5d6000 r-xp 00000000 08:02 12850122                   /usr/lib/jvm/java-7-openjdk-amd64/jre/lib/amd64/jli/libjli.so
7ff6bc5d6000-7ff6bc7d5000 ---p 0000d000 08:02 12850122                   /usr/lib/jvm/java-7-openjdk-amd64/jre/lib/amd64/jli/libjli.so
7ff6bc7d5000-7ff6bc7d6000 r--p 0000c000 08:02 12850122                   /usr/lib/jvm/java-7-openjdk-amd64/jre/lib/amd64/jli/libjli.so
7ff6bc7d6000-7ff6bc7d7000 rw-p 0000d000 08:02 12850122                   /usr/lib/jvm/java-7-openjdk-amd64/jre/lib/amd64/jli/libjli.so
7ff6bc7d7000-7ff6bc7fa000 r-xp 00000000 08:02 12058721                   /lib/x86_64-linux-gnu/ld-2.19.so
7ff6bc7fc000-7ff6bc7fe000 rw-p 00000000 00:00 0 
7ff6bc7fe000-7ff6bc803000 r--s 00011000 08:02 8131239                    /home/akshayagupta/udacity/Build  Bigger/FinalProject/app/build/intermediates/multi-dex/release/componentClasses.jar
7ff6bc803000-7ff6bc812000 r--s 000df000 08:02 22284061                   /home/akshayagupta/software/android-sdk-linux/build-tools/23.0.1/lib/dx.jar
7ff6bc812000-7ff6bc816000 r--s 0003c000 08:02 12847759                   /usr/lib/jvm/java-7-openjdk-amd64/jre/lib/ext/sunpkcs11.jar
7ff6bc816000-7ff6bc819000 r--s 0000f000 08:02 12845338                   /usr/lib/jvm/java-7-openjdk-amd64/jre/lib/ext/icedtea-sound.jar
7ff6bc819000-7ff6bc823000 rw-p 00000000 00:00 0 
7ff6bc823000-7ff6bc8d9000 rw-p 00000000 00:00 0 
7ff6bc8d9000-7ff6bc8dc000 ---p 00000000 00:00 0 
7ff6bc8dc000-7ff6bc9e0000 rw-p 00000000 00:00 0                          [stack:27435]
7ff6bc9e0000-7ff6bc9e4000 r--s 00085000 08:02 12845269                   /usr/lib/jvm/java-7-openjdk-amd64/jre/lib/ext/localedata.jar
7ff6bc9e4000-7ff6bc9e6000 r--s 00012000 08:02 12845268                   /usr/lib/jvm/java-7-openjdk-amd64/jre/lib/ext/zipfs.jar
7ff6bc9e6000-7ff6bc9e7000 r--s 00002000 08:02 12847788                   /usr/lib/jvm/java-7-openjdk-amd64/jre/lib/ext/dnsns.jar
7ff6bc9e7000-7ff6bc9e9000 r--s 00006000 08:02 12850275                   /usr/share/java/java-atk-wrapper.jar
7ff6bc9e9000-7ff6bc9ed000 r--s 00034000 08:02 12847743                   /usr/lib/jvm/java-7-openjdk-amd64/jre/lib/ext/sunjce_provider.jar
7ff6bc9ed000-7ff6bc9f5000 rw-s 00000000 08:02 21761487                   /tmp/hsperfdata_akshayagupta/27432
7ff6bc9f5000-7ff6bc9f6000 rw-p 00000000 00:00 0 
7ff6bc9f6000-7ff6bc9f7000 r--p 00000000 00:00 0 
7ff6bc9f7000-7ff6bc9f9000 rw-p 00000000 00:00 0 
7ff6bc9f9000-7ff6bc9fa000 r--p 00022000 08:02 12058721                   /lib/x86_64-linux-gnu/ld-2.19.so
7ff6bc9fa000-7ff6bc9fb000 rw-p 00023000 08:02 12058721                   /lib/x86_64-linux-gnu/ld-2.19.so
7ff6bc9fb000-7ff6bc9fc000 rw-p 00000000 00:00 0 
7ffc42cd6000-7ffc42cf7000 rw-p 00000000 00:00 0                          [stack]
7ffc42d03000-7ffc42d05000 r-xp 00000000 00:00 0                          [vdso]
ffffffffff600000-ffffffffff601000 r-xp 00000000 00:00 0                  [vsyscall]

VM Arguments:
jvm_args: -Djava.awt.headless=true -Dfile.encoding=UTF-8 -Duser.country=IN -Duser.language=en -Duser.variant 
java_command: com.android.multidex.ClassReferenceListBuilder /home/akshayagupta/udacity/Build  Bigger/FinalProject/app/build/intermediates/multi-dex/release/componentClasses.jar /home/akshayagupta/udacity/Build  Bigger/FinalProject/app/build/intermediates/transforms/jarMerging/release/jars/1/1f/combined.jar
Launcher Type: SUN_STANDARD

Environment Variables:
PATH=/usr/local/sbin:/usr/local/bin:/usr/sbin:/usr/bin:/sbin:/bin:/usr/games:/usr/local/games
LD_LIBRARY_PATH=/home/akshayagupta/software/idea-IC-141.1532.4/bin:
SHELL=/bin/bash
DISPLAY=:0

Signal Handlers:
SIGSEGV: [libjvm.so+0x9548f0], sa_mask[0]=0x7ffbfeff, sa_flags=0x10000004
SIGBUS: [libjvm.so+0x9548f0], sa_mask[0]=0x7ffbfeff, sa_flags=0x10000004
SIGFPE: [libjvm.so+0x7cb0b0], sa_mask[0]=0x7ffbfeff, sa_flags=0x10000004
SIGPIPE: [libjvm.so+0x7cb0b0], sa_mask[0]=0x7ffbfeff, sa_flags=0x10000004
SIGXFSZ: [libjvm.so+0x7cb0b0], sa_mask[0]=0x7ffbfeff, sa_flags=0x10000004
SIGILL: [libjvm.so+0x7cb0b0], sa_mask[0]=0x7ffbfeff, sa_flags=0x10000004
SIGUSR1: SIG_DFL, sa_mask[0]=0x00000000, sa_flags=0x00000000
SIGUSR2: [libjvm.so+0x7caf50], sa_mask[0]=0x00000004, sa_flags=0x10000004
SIGHUP: [libjvm.so+0x7cb130], sa_mask[0]=0x7ffbfeff, sa_flags=0x10000004
SIGINT: [libjvm.so+0x7cb130], sa_mask[0]=0x7ffbfeff, sa_flags=0x10000004
SIGTERM: [libjvm.so+0x7cb130], sa_mask[0]=0x7ffbfeff, sa_flags=0x10000004
SIGQUIT: [libjvm.so+0x7cb130], sa_mask[0]=0x7ffbfeff, sa_flags=0x10000004
SIGTRAP: SIG_DFL, sa_mask[0]=0x00000000, sa_flags=0x00000000


---------------  S Y S T E M  ---------------

OS:Ubuntu 14.04 (trusty)
uname:Linux 3.13.0-76-generic #120-Ubuntu SMP Mon Jan 18 15:59:10 UTC 2016 x86_64
libc:glibc 2.19 NPTL 2.19 
rlimit: STACK 8192k, CORE 0k, NPROC 61579, NOFILE 4096, AS infinity
load average:4.71 3.31 2.38

/proc/meminfo:
MemTotal:        8088580 kB
MemFree:          787128 kB
Buffers:          104736 kB
Cached:          1606668 kB
SwapCached:         6364 kB
Active:          4972756 kB
Inactive:        1764560 kB
Active(anon):    4206692 kB
Inactive(anon):  1062728 kB
Active(file):     766064 kB
Inactive(file):   701832 kB
Unevictable:          88 kB
Mlocked:              88 kB
SwapTotal:       8299516 kB
SwapFree:        8259276 kB
Dirty:             29428 kB
Writeback:             0 kB
AnonPages:       5025544 kB
Mapped:           255900 kB
Shmem:            243492 kB
Slab:             425484 kB
SReclaimable:     378348 kB
SUnreclaim:        47136 kB
KernelStack:        5832 kB
PageTables:        40660 kB
NFS_Unstable:          0 kB
Bounce:                0 kB
WritebackTmp:          0 kB
CommitLimit:    12343804 kB
Committed_AS:    9850024 kB
VmallocTotal:   34359738367 kB
VmallocUsed:      560568 kB
VmallocChunk:   34359129476 kB
HardwareCorrupted:     0 kB
AnonHugePages:   2598912 kB
HugePages_Total:       0
HugePages_Free:        0
HugePages_Rsvd:        0
HugePages_Surp:        0
Hugepagesize:       2048 kB
DirectMap4k:       84304 kB
DirectMap2M:     2973696 kB
DirectMap1G:     5242880 kB


CPU:total 4 (2 cores per cpu, 2 threads per core) family 6 model 61 stepping 4, cmov, cx8, fxsr, mmx, sse, sse2, sse3, ssse3, sse4.1, sse4.2, popcnt, avx, avx2, aes, erms, ht, tsc, tscinvbit

/proc/cpuinfo:
processor	: 0
vendor_id	: GenuineIntel
cpu family	: 6
model		: 61
model name	: Intel(R) Core(TM) i5-5200U CPU @ 2.20GHz
stepping	: 4
microcode	: 0x1d
cpu MHz		: 2100.000
cache size	: 3072 KB
physical id	: 0
siblings	: 4
core id		: 0
cpu cores	: 2
apicid		: 0
initial apicid	: 0
fpu		: yes
fpu_exception	: yes
cpuid level	: 20
wp		: yes
flags		: fpu vme de pse tsc msr pae mce cx8 apic sep mtrr pge mca cmov pat pse36 clflush dts acpi mmx fxsr sse sse2 ss ht tm pbe syscall nx pdpe1gb rdtscp lm constant_tsc arch_perfmon pebs bts rep_good nopl xtopology nonstop_tsc aperfmperf eagerfpu pni pclmulqdq dtes64 monitor ds_cpl vmx est tm2 ssse3 fma cx16 xtpr pdcm pcid sse4_1 sse4_2 x2apic movbe popcnt tsc_deadline_timer aes xsave avx f16c rdrand lahf_lm abm 3dnowprefetch ida arat epb xsaveopt pln pts dtherm tpr_shadow vnmi flexpriority ept vpid fsgsbase tsc_adjust bmi1 avx2 smep bmi2 erms invpcid rdseed adx smap
bogomips	: 4390.14
clflush size	: 64
cache_alignment	: 64
address sizes	: 39 bits physical, 48 bits virtual
power management:

processor	: 1
vendor_id	: GenuineIntel
cpu family	: 6
model		: 61
model name	: Intel(R) Core(TM) i5-5200U CPU @ 2.20GHz
stepping	: 4
microcode	: 0x1d
cpu MHz		: 2100.000
cache size	: 3072 KB
physical id	: 0
siblings	: 4
core id		: 1
cpu cores	: 2
apicid		: 2
initial apicid	: 2
fpu		: yes
fpu_exception	: yes
cpuid level	: 20
wp		: yes
flags		: fpu vme de pse tsc msr pae mce cx8 apic sep mtrr pge mca cmov pat pse36 clflush dts acpi mmx fxsr sse sse2 ss ht tm pbe syscall nx pdpe1gb rdtscp lm constant_tsc arch_perfmon pebs bts rep_good nopl xtopology nonstop_tsc aperfmperf eagerfpu pni pclmulqdq dtes64 monitor ds_cpl vmx est tm2 ssse3 fma cx16 xtpr pdcm pcid sse4_1 sse4_2 x2apic movbe popcnt tsc_deadline_timer aes xsave avx f16c rdrand lahf_lm abm 3dnowprefetch ida arat epb xsaveopt pln pts dtherm tpr_shadow vnmi flexpriority ept vpid fsgsbase tsc_adjust bmi1 avx2 smep bmi2 erms invpcid rdseed adx smap
bogomips	: 4390.14
clflush size	: 64
cache_alignment	: 64
address sizes	: 39 bits physical, 48 bits virtual
power management:

processor	: 2
vendor_id	: GenuineIntel
cpu family	: 6
model		: 61
model name	: Intel(R) Core(TM) i5-5200U CPU @ 2.20GHz
stepping	: 4
microcode	: 0x1d
cpu MHz		: 2100.000
cache size	: 3072 KB
physical id	: 0
siblings	: 4
core id		: 0
cpu cores	: 2
apicid		: 1
initial apicid	: 1
fpu		: yes
fpu_exception	: yes
cpuid level	: 20
wp		: yes
flags		: fpu vme de pse tsc msr pae mce cx8 apic sep mtrr pge mca cmov pat pse36 clflush dts acpi mmx fxsr sse sse2 ss ht tm pbe syscall nx pdpe1gb rdtscp lm constant_tsc arch_perfmon pebs bts rep_good nopl xtopology nonstop_tsc aperfmperf eagerfpu pni pclmulqdq dtes64 monitor ds_cpl vmx est tm2 ssse3 fma cx16 xtpr pdcm pcid sse4_1 sse4_2 x2apic movbe popcnt tsc_deadline_timer aes xsave avx f16c rdrand lahf_lm abm 3dnowprefetch ida arat epb xsaveopt pln pts dtherm tpr_shadow vnmi flexpriority ept vpid fsgsbase tsc_adjust bmi1 avx2 smep bmi2 erms invpcid rdseed adx smap
bogomips	: 4390.14
clflush size	: 64
cache_alignment	: 64
address sizes	: 39 bits physical, 48 bits virtual
power management:

processor	: 3
vendor_id	: GenuineIntel
cpu family	: 6
model		: 61
model name	: Intel(R) Core(TM) i5-5200U CPU @ 2.20GHz
stepping	: 4
microcode	: 0x1d
cpu MHz		: 2100.000
cache size	: 3072 KB
physical id	: 0
siblings	: 4
core id		: 1
cpu cores	: 2
apicid		: 3
initial apicid	: 3
fpu		: yes
fpu_exception	: yes
cpuid level	: 20
wp		: yes
flags		: fpu vme de pse tsc msr pae mce cx8 apic sep mtrr pge mca cmov pat pse36 clflush dts acpi mmx fxsr sse sse2 ss ht tm pbe syscall nx pdpe1gb rdtscp lm constant_tsc arch_perfmon pebs bts rep_good nopl xtopology nonstop_tsc aperfmperf eagerfpu pni pclmulqdq dtes64 monitor ds_cpl vmx est tm2 ssse3 fma cx16 xtpr pdcm pcid sse4_1 sse4_2 x2apic movbe popcnt tsc_deadline_timer aes xsave avx f16c rdrand lahf_lm abm 3dnowprefetch ida arat epb xsaveopt pln pts dtherm tpr_shadow vnmi flexpriority ept vpid fsgsbase tsc_adjust bmi1 avx2 smep bmi2 erms invpcid rdseed adx smap
bogomips	: 4390.14
clflush size	: 64
cache_alignment	: 64
address sizes	: 39 bits physical, 48 bits virtual
power management:



Memory: 4k page, physical 8088580k(787128k free), swap 8299516k(8259276k free)

vm_info: OpenJDK 64-Bit Server VM (24.91-b01) for linux-amd64 JRE (1.7.0_91-b02), built on Nov 19 2015 06:14:37 by "buildd" with gcc 4.8.2

time: Tue Apr 26 18:48:26 2016
elapsed time: 0 seconds

